<?xml version="1.0" encoding="UTF-8"?>
<!-- Generated by org.testng.reporters.JUnitReportReporter -->
<testsuite skipped="0" hostname="LAPTOP-1C6SQCR5" name="SeleniumGuru99.ECommerceDay3" tests="1" failures="0" timestamp="13 Nov 2019 15:40:36 GMT" time="19.201" errors="0">
  <testcase name="test" time="19.201" classname="SeleniumGuru99.ECommerceDay3"/>
</testsuite> <!-- SeleniumGuru99.ECommerceDay3 -->
